# JRE version: Java(TM) SE Runtime Environment (12.0.2+10) (build 12.0.2+10)
# Java VM: Java HotSpot(TM) 64-Bit Server VM (12.0.2+10, mixed mode, sharing, tiered, compressed oops, g1 gc, windows-amd64)
Heap:
 garbage-first heap   total 711680K, used 8824K [0x00000000c2000000, 0x0000000100000000)
  region size 1024K, 2 young (2048K), 2 survivors (2048K)
 Metaspace       used 6728K, capacity 7053K, committed 7168K, reserved 1056768K
  class space    used 756K, capacity 910K, committed 1024K, reserved 1048576K
GC Heap History (10 events):
Event: 15.908 GC heap after
{Heap after GC invocations=42 (full 0):
 garbage-first heap   total 653312K, used 8584K [0x00000000c2000000, 0x0000000100000000)
  region size 1024K, 2 young (2048K), 2 survivors (2048K)
 Metaspace       used 6725K, capacity 7053K, committed 7168K, reserved 1056768K
  class space    used 756K, capacity 910K, committed 1024K, reserved 1048576K
}
Event: 16.049 GC heap before
{Heap before GC invocations=42 (full 0):
 garbage-first heap   total 653312K, used 127368K [0x00000000c2000000, 0x0000000100000000)
  region size 1024K, 119 young (121856K), 2 survivors (2048K)
 Metaspace       used 6725K, capacity 7053K, committed 7168K, reserved 1056768K
  class space    used 756K, capacity 910K, committed 1024K, reserved 1048576K
}
Event: 16.064 GC heap after
{Heap after GC invocations=43 (full 0):
 garbage-first heap   total 653312K, used 8599K [0x00000000c2000000, 0x0000000100000000)
  region size 1024K, 2 young (2048K), 2 survivors (2048K)
 Metaspace       used 6725K, capacity 7053K, committed 7168K, reserved 1056768K
  class space    used 756K, capacity 910K, committed 1024K, reserved 1048576K
}
Event: 16.186 GC heap before
{Heap before GC invocations=43 (full 0):
 garbage-first heap   total 653312K, used 147863K [0x00000000c2000000, 0x0000000100000000)
  region size 1024K, 139 young (142336K), 2 survivors (2048K)
 Metaspace       used 6725K, capacity 7053K, committed 7168K, reserved 1056768K
  class space    used 756K, capacity 910K, committed 1024K, reserved 1048576K
}
Event: 16.190 GC heap after
{Heap after GC invocations=44 (full 0):
 garbage-first heap   total 653312K, used 8621K [0x00000000c2000000, 0x0000000100000000)
  region size 1024K, 2 young (2048K), 2 survivors (2048K)
 Metaspace       used 6725K, capacity 7053K, committed 7168K, reserved 1056768K
  class space    used 756K, capacity 910K, committed 1024K, reserved 1048576K
}
Event: 16.478 GC heap before
{Heap before GC invocations=44 (full 0):
 garbage-first heap   total 653312K, used 178605K [0x00000000c2000000, 0x0000000100000000)
  region size 1024K, 169 young (173056K), 2 survivors (2048K)
 Metaspace       used 6725K, capacity 7053K, committed 7168K, reserved 1056768K
  class space    used 756K, capacity 910K, committed 1024K, reserved 1048576K
}
Event: 16.482 GC heap after
{Heap after GC invocations=45 (full 0):
 garbage-first heap   total 653312K, used 8650K [0x00000000c2000000, 0x0000000100000000)
  region size 1024K, 2 young (2048K), 2 survivors (2048K)
 Metaspace       used 6725K, capacity 7053K, committed 7168K, reserved 1056768K
  class space    used 756K, capacity 910K, committed 1024K, reserved 1048576K
}
Event: 16.990 GC heap before
{Heap before GC invocations=45 (full 0):
 garbage-first heap   total 653312K, used 224714K [0x00000000c2000000, 0x0000000100000000)
  region size 1024K, 214 young (219136K), 2 survivors (2048K)
 Metaspace       used 6725K, capacity 7053K, committed 7168K, reserved 1056768K
  class space    used 756K, capacity 910K, committed 1024K, reserved 1048576K
}
Event: 17.014 GC heap after
{Heap after GC invocations=46 (full 0):
 garbage-first heap   total 653312K, used 8829K [0x00000000c2000000, 0x0000000100000000)
  region size 1024K, 2 young (2048K), 2 survivors (2048K)
 Metaspace       used 6725K, capacity 7053K, committed 7168K, reserved 1056768K
  class space    used 756K, capacity 910K, committed 1024K, reserved 1048576K
}
Event: 17.626 GC heap before
{Heap before GC invocations=46 (full 0):
 garbage-first heap   total 653312K, used 179837K [0x00000000c2000000, 0x0000000100000000)
  region size 1024K, 170 young (174080K), 2 survivors (2048K)
 Metaspace       used 6728K, capacity 7053K, committed 7168K, reserved 1056768K
  class space    used 756K, capacity 910K, committed 1024K, reserved 1048576K
}

